<?xml version="1.0" encoding="UTF-8"?>
<testng-results ignored="0" total="1" passed="1" failed="0" skipped="0">
  <reporter-output>
  </reporter-output>
  <suite started-at="2026-07-07T11:20:53 IST" name="Suite" finished-at="2026-07-07T11:20:59 IST" duration-ms="6717">
    <groups>
      <group name="regression">
        <method signature="Tc_002_LoginTest.verify_login()[pri:0, instance:testCases.Tc_002_LoginTest@35e2d654]" name="verify_login" class="testCases.Tc_002_LoginTest"/>
      </group> <!-- regression -->
      <group name="master">
        <method signature="Tc_002_LoginTest.verify_login()[pri:0, instance:testCases.Tc_002_LoginTest@35e2d654]" name="verify_login" class="testCases.Tc_002_LoginTest"/>
      </group> <!-- master -->
    </groups>
    <test started-at="2026-07-07T11:20:53 IST" name="Test" finished-at="2026-07-07T11:20:59 IST" duration-ms="6717">
      <class name="testCases.Tc_002_LoginTest">
        <test-method is-config="true" signature="setup(java.lang.String,java.lang.String)[pri:0, instance:testCases.Tc_002_LoginTest@35e2d654]" started-at="2026-07-07T11:20:53 IST" name="setup" finished-at="2026-07-07T11:20:57 IST" duration-ms="3904" status="PASS">
          <params>
            <param index="0">
              <value>
                <![CDATA[windows]]>
              </value>
            </param>
            <param index="1">
              <value>
                <![CDATA[chrome]]>
              </value>
            </param>
          </params>
          <reporter-output>
          </reporter-output>
        </test-method> <!-- setup -->
        <test-method signature="verify_login()[pri:0, instance:testCases.Tc_002_LoginTest@35e2d654]" started-at="2026-07-07T11:20:57 IST" name="verify_login" finished-at="2026-07-07T11:20:59 IST" duration-ms="2578" status="PASS">
          <reporter-output>
          </reporter-output>
        </test-method> <!-- verify_login -->
        <test-method is-config="true" signature="tearDown()[pri:0, instance:testCases.Tc_002_LoginTest@35e2d654]" started-at="2026-07-07T11:20:59 IST" name="tearDown" finished-at="2026-07-07T11:20:59 IST" duration-ms="174" status="PASS">
          <reporter-output>
          </reporter-output>
        </test-method> <!-- tearDown -->
      </class> <!-- testCases.Tc_002_LoginTest -->
    </test> <!-- Test -->
  </suite> <!-- Suite -->
</testng-results>
